#
# There is insufficient memory for the Java Runtime Environment to continue.
# Native memory allocation (mmap) failed to map 130023424 bytes. Error detail: G1 virtual space
# Possible reasons:
#   The system is out of physical RAM or swap space
#   This process is running with CompressedOops enabled, and the Java Heap may be blocking the growth of the native heap
# Possible solutions:
#   Reduce memory load on the system
#   Increase physical memory or swap space
#   Check if swap backing store is full
#   Decrease Java heap size (-Xmx/-Xms)
#   Decrease number of Java threads
#   Decrease Java thread stack sizes (-Xss)
#   Set larger code cache with -XX:ReservedCodeCacheSize=
#   JVM is running with Unscaled Compressed Oops mode in which the Java heap is
#     placed in the first 4GB address space. The Java Heap base address is the
#     maximum limit for the native heap growth. Please use -XX:HeapBaseMinAddress
#     to set the Java Heap base and to place the Java Heap above 4GB virtual address.
# This output file may be truncated or incomplete.
#
#  Out of Memory Error (os_windows.cpp:3926), pid=12412, tid=6288
#
# JRE version:  (21.0.10) (build )
# Java VM: OpenJDK 64-Bit Server VM (21.0.10+-14961533-b1163.108, mixed mode, sharing, tiered, compressed oops, compressed class ptrs, g1 gc, windows-amd64)
# No core dump will be written. Minidumps are not enabled by default on client versions of Windows
#

---------------  S U M M A R Y ------------

Command Line: org.jetbrains.kotlin.cli.jvm.K2JVMCompiler @D:\Android\Projects\MangaApp\app\build\20260619_4229199172133756978.compiler.options

Host: 11th Gen Intel(R) Core(TM) i5-1135G7 @ 2.40GHz, 8 cores, 7G,  Windows 11 , 64 bit Build 26100 (10.0.26100.8521)
Time: Fri Jun 19 07:38:50 2026 SE Asia Standard Time elapsed time: 2.176616 seconds (0d 0h 0m 2s)

---------------  T H R E A D  ---------------

Current thread (0x00000199d3d1e1a0):  JavaThread "Unknown thread" [_thread_in_vm, id=6288, stack(0x0000006a15300000,0x0000006a15400000) (1024K)]

Stack: [0x0000006a15300000,0x0000006a15400000]
Native frames: (J=compiled Java code, j=interpreted, Vv=VM code, C=native code)
V  [jvm.dll+0x6d78a9]
V  [jvm.dll+0x8665b3]
V  [jvm.dll+0x868bde]
V  [jvm.dll+0x8692c3]
V  [jvm.dll+0x280ee6]
V  [jvm.dll+0x6d4165]
V  [jvm.dll+0x6c77fa]
V  [jvm.dll+0x358f4b]
V  [jvm.dll+0x360bc6]
V  [jvm.dll+0x3b2ea6]
V  [jvm.dll+0x3b3178]
V  [jvm.dll+0x32b65c]
V  [jvm.dll+0x32c34b]
V  [jvm.dll+0x82f449]
V  [jvm.dll+0x3c0078]
V  [jvm.dll+0x8185e8]
V  [jvm.dll+0x45449e]
V  [jvm.dll+0x455c01]
C  [jli.dll+0x52ab]
C  [ucrtbase.dll+0x2cd30]
C  [KERNEL32.DLL+0x2e957]
C  [ntdll.dll+0x87c1c]


---------------  P R O C E S S  ---------------

Threads class SMR info:
_java_thread_list=0x00007ffaf1a2b9c8, length=0, elements={
}

Java Threads: ( => current thread )
Total: 0

Other Threads:
  0x00000199d611b6e0 WorkerThread "GC Thread#0"                     [id=10020, stack(0x0000006a15400000,0x0000006a15500000) (1024K)]
  0x00000199d612bbd0 ConcurrentGCThread "G1 Main Marker"            [id=9760, stack(0x0000006a15500000,0x0000006a15600000) (1024K)]
  0x00000199d612d520 WorkerThread "G1 Conc#0"                       [id=15972, stack(0x0000006a15600000,0x0000006a15700000) (1024K)]

[error occurred during error reporting (printing all threads), id 0xc0000005, EXCEPTION_ACCESS_VIOLATION (0xc0000005) at pc=0x00007ffaf121e637]
VM state: not at safepoint (not fully initialized)

VM Mutex/Monitor currently owned by a thread:  ([mutex/lock_event])
[0x00007ffaf1a987d0] Heap_lock - owner thread: 0x00000199d3d1e1a0

Heap address: 0x0000000085800000, size: 1960 MB, Compressed Oops mode: 32-bit

CDS archive(s) mapped at: [0x0000000000000000-0x0000000000000000-0x0000000000000000), size 0, SharedBaseAddress: 0x0000000800000000, ArchiveRelocationMode: 1.
Narrow klass base: 0x0000000000000000, Narrow klass shift: 0, Narrow klass range: 0x0

GC Precious Log:
 CardTable entry size: 512
 Card Set container configuration: InlinePtr #cards 5 size 8 Array Of Cards #cards 12 size 40 Howl #buckets 4 coarsen threshold 1843 Howl Bitmap #cards 512 size 80 coarsen threshold 460 Card regions per heap region 1 cards per card region 2048

Heap:
 garbage-first heap   total 0K, used 0K [0x0000000085800000, 0x0000000100000000)
  region size 1024K, 0 young (0K), 0 survivors (0K)
 Metaspace       used 0K, committed 0K, reserved 0K
  class space    used 0K, committed 0K, reserved 0K

Heap Regions: E=young(eden), S=young(survivor), O=old, HS=humongous(starts), HC=humongous(continues), CS=collection set, F=free, TAMS=top-at-mark-start, PB=parsable bottom

Card table byte_map: [0x00000199e8940000,0x00000199e8d20000] _byte_map_base: 0x00000199e8514000

Marking Bits: (CMBitMap*) 0x00000199d611bdf0
 Bits: [0x00000199e8d20000, 0x00000199eabc0000)

GC Heap History (0 events):
No events

Dll operation events (1 events):
Event: 0.024 Loaded shared library D:\Android\Android Studio\jbr\bin\java.dll

Deoptimization events (0 events):
No events

Classes loaded (0 events):
No events

Classes unloaded (0 events):
No events

Classes redefined (0 events):
No events

Internal exceptions (0 events):
No events

ZGC Phase Switch (0 events):
No events

VM Operations (0 events):
No events

Memory protections (0 events):
No events

Nmethod flushes (0 events):
No events

Events (0 events):
No events


Dynamic libraries:
0x00007ff7130a0000 - 0x00007ff7130aa000 	D:\Android\Android Studio\jbr\bin\java.exe
0x00007ffb6f380000 - 0x00007ffb6f5e6000 	C:\WINDOWS\SYSTEM32\ntdll.dll
0x00007ffb6dce0000 - 0x00007ffb6dda9000 	C:\WINDOWS\System32\KERNEL32.DLL
0x00007ffb6c610000 - 0x00007ffb6ca0a000 	C:\WINDOWS\System32\KERNELBASE.dll
0x00007ffb6ca10000 - 0x00007ffb6cb5c000 	C:\WINDOWS\System32\ucrtbase.dll
0x00007ffb43830000 - 0x00007ffb43848000 	D:\Android\Android Studio\jbr\bin\jli.dll
0x00007ffb6de60000 - 0x00007ffb6e027000 	C:\WINDOWS\System32\USER32.dll
0x00007ffb6cb60000 - 0x00007ffb6cb87000 	C:\WINDOWS\System32\win32u.dll
0x00007ffb6eca0000 - 0x00007ffb6eccb000 	C:\WINDOWS\System32\GDI32.dll
0x00007ffb6cc50000 - 0x00007ffb6cd7b000 	C:\WINDOWS\System32\gdi32full.dll
0x00007ffb6cd80000 - 0x00007ffb6ce23000 	C:\WINDOWS\System32\msvcp_win.dll
0x00007ffb4d140000 - 0x00007ffb4d3d2000 	C:\WINDOWS\WinSxS\amd64_microsoft.windows.common-controls_6595b64144ccf1df_6.0.26100.8521_none_3e08b75ce33403b3\COMCTL32.dll
0x00007ffb6ddb0000 - 0x00007ffb6de59000 	C:\WINDOWS\System32\msvcrt.dll
0x00007ffb48c90000 - 0x00007ffb48cab000 	D:\Android\Android Studio\jbr\bin\VCRUNTIME140.dll
0x00007ffb6dc90000 - 0x00007ffb6dcc2000 	C:\WINDOWS\System32\IMM32.DLL
0x00007ffb5aec0000 - 0x00007ffb5aecc000 	D:\Android\Android Studio\jbr\bin\vcruntime140_1.dll
0x00007ffaf7600000 - 0x00007ffaf768d000 	D:\Android\Android Studio\jbr\bin\msvcp140.dll
0x00007ffaf0ee0000 - 0x00007ffaf1b76000 	D:\Android\Android Studio\jbr\bin\server\jvm.dll
0x00007ffb6d250000 - 0x00007ffb6d306000 	C:\WINDOWS\System32\ADVAPI32.dll
0x00007ffb6eb90000 - 0x00007ffb6ec3a000 	C:\WINDOWS\System32\sechost.dll
0x00007ffb6efa0000 - 0x00007ffb6f0b8000 	C:\WINDOWS\System32\RPCRT4.dll
0x00007ffb6daa0000 - 0x00007ffb6db20000 	C:\WINDOWS\System32\WS2_32.dll
0x00007ffb6c490000 - 0x00007ffb6c4ee000 	C:\WINDOWS\SYSTEM32\POWRPROF.dll
0x00007ffb60620000 - 0x00007ffb60656000 	C:\WINDOWS\SYSTEM32\WINMM.dll
0x00007ffb5fe60000 - 0x00007ffb5fe6b000 	C:\WINDOWS\SYSTEM32\VERSION.dll
0x00007ffb6c470000 - 0x00007ffb6c484000 	C:\WINDOWS\SYSTEM32\UMPDC.dll
0x00007ffb6b3a0000 - 0x00007ffb6b3bb000 	C:\WINDOWS\SYSTEM32\kernel.appcore.dll
0x00007ffb4d070000 - 0x00007ffb4d07a000 	D:\Android\Android Studio\jbr\bin\jimage.dll
0x00007ffb69c20000 - 0x00007ffb69e62000 	C:\WINDOWS\SYSTEM32\DBGHELP.DLL
0x00007ffb6e030000 - 0x00007ffb6e3b3000 	C:\WINDOWS\System32\combase.dll
0x00007ffb6dbb0000 - 0x00007ffb6dc89000 	C:\WINDOWS\System32\OLEAUT32.dll
0x00007ffb4cef0000 - 0x00007ffb4cf2b000 	C:\WINDOWS\SYSTEM32\dbgcore.DLL
0x00007ffb6cfb0000 - 0x00007ffb6d058000 	C:\WINDOWS\System32\bcryptPrimitives.dll
0x00007ffb391d0000 - 0x00007ffb391f0000 	D:\Android\Android Studio\jbr\bin\java.dll

JVMTI agents: none

dbghelp: loaded successfully - version: 4.0.5 - missing functions: none
symbol engine: initialized successfully - sym options: 0x614 - pdb path: .;D:\Android\Android Studio\jbr\bin;C:\WINDOWS\SYSTEM32;C:\WINDOWS\WinSxS\amd64_microsoft.windows.common-controls_6595b64144ccf1df_6.0.26100.8521_none_3e08b75ce33403b3;D:\Android\Android Studio\jbr\bin\server

VM Arguments:
java_command: org.jetbrains.kotlin.cli.jvm.K2JVMCompiler @D:\Android\Projects\MangaApp\app\build\20260619_4229199172133756978.compiler.options
java_class_path (initial): D:\Gradle\caches\modules-2\files-2.1\org.jetbrains.kotlin\kotlin-compiler-embeddable\2.2.10\6882d39ef03b18879c1a5d2a83c2212361bed5fe\kotlin-compiler-embeddable-2.2.10.jar;D:\Gradle\caches\modules-2\files-2.1\org.jetbrains.kotlin\kotlin-stdlib\2.2.10\30de6faa127a4a012db8e71bf1b9c0a99b1402b2\kotlin-stdlib-2.2.10.jar;D:\Gradle\caches\modules-2\files-2.1\org.jetbrains.kotlin\kotlin-script-runtime\2.2.10\712f9bc08f378c13a4a00f0bbb28c76e59183e83\kotlin-script-runtime-2.2.10.jar;D:\Gradle\caches\modules-2\files-2.1\org.jetbrains.kotlin\kotlin-reflect\1.6.10\1cbe9c92c12a94eea200d23c2bbaedaf3daf5132\kotlin-reflect-1.6.10.jar;D:\Gradle\caches\modules-2\files-2.1\org.jetbrains.kotlin\kotlin-daemon-embeddable\2.2.10\212fd3c2c6e4e5d0f4db3c4191233e2b622380cc\kotlin-daemon-embeddable-2.2.10.jar;D:\Gradle\caches\modules-2\files-2.1\org.jetbrains.kotlinx\kotlinx-coroutines-core-jvm\1.8.0\ac1dc37a30a93150b704022f8d895ee1bd3a36b3\kotlinx-coroutines-core-jvm-1.8.0.jar;D:\Gradle\caches\modules-2\files-2.1\org.jetbrains\annotations\13.0\919f0dfe192fb4e063e7dacadee7f8bb9a2672a9\annotations-13.0.jar
Launcher Type: SUN_STANDARD

[Global flags]
     intx CICompilerCount                          = 4                                         {product} {ergonomic}
     uint ConcGCThreads                            = 2                                         {product} {ergonomic}
     uint G1ConcRefinementThreads                  = 8                                         {product} {ergonomic}
   size_t G1HeapRegionSize                         = 1048576                                   {product} {ergonomic}
    uintx GCDrainStackTargetSize                   = 64                                        {product} {ergonomic}
   size_t InitialHeapSize                          = 130023424                                 {product} {ergonomic}
   size_t MarkStackSize                            = 4194304                                   {product} {ergonomic}
   size_t MaxHeapSize                              = 2055208960                                {product} {ergonomic}
   size_t MinHeapDeltaBytes                        = 1048576                                   {product} {ergonomic}
   size_t MinHeapSize                              = 8388608                                   {product} {ergonomic}
    uintx NonNMethodCodeHeapSize                   = 5839372                                {pd product} {ergonomic}
    uintx NonProfiledCodeHeapSize                  = 122909434                              {pd product} {ergonomic}
    uintx ProfiledCodeHeapSize                     = 122909434                              {pd product} {ergonomic}
    uintx ReservedCodeCacheSize                    = 251658240                              {pd product} {ergonomic}
     bool SegmentedCodeCache                       = true                                      {product} {ergonomic}
   size_t SoftMaxHeapSize                          = 2055208960                             {manageable} {ergonomic}
     bool UseCompressedOops                        = true                           {product lp64_product} {ergonomic}
     bool UseG1GC                                  = true                                      {product} {ergonomic}
     bool UseLargePagesIndividualAllocation        = false                                  {pd product} {ergonomic}

Logging:
Log output configuration:
 #0: stdout all=warning uptime,level,tags foldmultilines=false
 #1: stderr all=off uptime,level,tags foldmultilines=false

Release file:
<release file has not been read>
Environment Variables:
PATH=C:\Program Files\Common Files\Oracle\Java\javapath;C:\WINDOWS\system32;C:\WINDOWS;C:\WINDOWS\System32\Wbem;C:\WINDOWS\System32\WindowsPowerShell\v1.0\;C:\WINDOWS\System32\OpenSSH\;C:\Program Files (x86)\Microsoft SQL Server\160\Tools\Binn\;C:\Program Files\Microsoft SQL Server\160\Tools\Binn\;C:\Program Files\Microsoft SQL Server\Client SDK\ODBC\170\Tools\Binn\;C:\Program Files\Microsoft SQL Server\160\DTS\Binn\;C:\Program Files (x86)\Microsoft SQL Server\160\DTS\Binn\;C:\Program Files\nodejs\;C:\Program Files\Git\cmd;C:\Program Files\Microsoft SQL Server\170\Tools\Binn\;C:\Program Files\dotnet\;D:\Windows Kits\10\Windows Performance Toolkit\;C:\Program Files\Microsoft SQL Server\150\Tools\Binn\;C:\Users\trant\AppData\Local\Programs\Python\Launcher\;C:\Users\trant\AppData\Local\Microsoft\WindowsApps;C:\Program Files\nodejs;C:\Users\trant\AppData\Local\Programs\Python\Python313\Scripts;C:\msys64\ucrt64\bin;C:\MinGW\bin;C:\Users\trant\AppData\Local\Programs\Microsoft VS Code\bin;C:\Program Files\Java\jdk-23\bin;C:\Users\trant\AppData\Roaming\npm;C:\Users\trant\.dotnet\tools
USERNAME=trant
OS=Windows_NT
PROCESSOR_IDENTIFIER=Intel64 Family 6 Model 140 Stepping 1, GenuineIntel
TMP=C:\Users\trant\AppData\Local\Temp
TEMP=C:\Users\trant\AppData\Local\Temp




Periodic native trim disabled

JNI global refs:
JNI global refs: 0, weak refs: 0

JNI global refs memory usage: 0, weak refs: 0

Process memory usage:
Resident Set Size: 13152K (0% of 8022584K total physical memory with 299080K free physical memory)

OOME stack traces (most recent first):
Classloader memory used:

---------------  S Y S T E M  ---------------

OS:
 Windows 11 , 64 bit Build 26100 (10.0.26100.8521)
OS uptime: 0 days 0:30 hours
Hyper-V role detected

CPU: total 8 (initial active 8) (4 cores per cpu, 2 threads per core) family 6 model 140 stepping 1 microcode 0xb4, cx8, cmov, fxsr, ht, mmx, 3dnowpref, sse, sse2, sse3, ssse3, sse4.1, sse4.2, popcnt, lzcnt, tsc, tscinvbit, avx, avx2, aes, erms, clmul, bmi1, bmi2, adx, avx512f, avx512dq, avx512cd, avx512bw, avx512vl, sha, fma, vzeroupper, avx512_vpopcntdq, avx512_vpclmulqdq, avx512_vaes, avx512_vnni, clflush, clflushopt, clwb, avx512_vbmi2, avx512_vbmi, hv, rdtscp, rdpid, fsrm, gfni, avx512_bitalg, f16c, cet_ibt, cet_ss, avx512_ifma
Processor Information for the first 8 processors :
  Max Mhz: 2401, Current Mhz: 2400, Mhz Limit: 2376

Memory: 4k page, system-wide physical 7834M (292M free)
TotalPageFile size 20533M (AvailPageFile size 68M)
current process WorkingSet (physical memory assigned to process): 12M, peak: 12M
current process commit charge ("private bytes"): 60M, peak: 184M

vm_info: OpenJDK 64-Bit Server VM (21.0.10+-14961533-b1163.108) for windows-amd64 JRE (21.0.10+-14961533-b1163.108), built on 2026-03-02T19:58:50Z by "builder" with MS VC++ 16.10 / 16.11 (VS2019)

END.
