#
# There is insufficient memory for the Java Runtime Environment to continue.
# Native memory allocation (malloc) failed to allocate 1559200 bytes. Error detail: Chunk::new
# Possible reasons:
#   The system is out of physical RAM or swap space
#   This process is running with CompressedOops enabled, and the Java Heap may be blocking the growth of the native heap
# Possible solutions:
#   Reduce memory load on the system
#   Increase physical memory or swap space
#   Check if swap backing store is full
#   Decrease Java heap size (-Xmx/-Xms)
#   Decrease number of Java threads
#   Decrease Java thread stack sizes (-Xss)
#   Set larger code cache with -XX:ReservedCodeCacheSize=
#   JVM is running with Zero Based Compressed Oops mode in which the Java heap is
#     placed in the first 32GB address space. The Java Heap base address is the
#     maximum limit for the native heap growth. Please use -XX:HeapBaseMinAddress
#     to set the Java Heap base and to place the Java Heap above 32GB virtual address.
# This output file may be truncated or incomplete.
#
#  Out of Memory Error (arena.cpp:168), pid=14828, tid=4572
#
# JRE version: OpenJDK Runtime Environment (21.0.10) (build 21.0.10+-14961533-b1163.108)
# Java VM: OpenJDK 64-Bit Server VM (21.0.10+-14961533-b1163.108, mixed mode, tiered, compressed oops, compressed class ptrs, g1 gc, windows-amd64)
# No core dump will be written. Minidumps are not enabled by default on client versions of Windows
#

---------------  S U M M A R Y ------------

Command Line: org.jetbrains.kotlin.cli.jvm.K2JVMCompiler @F:\Project app\app\build\20260612_12119653714623313020.compiler.options

Host: 11th Gen Intel(R) Core(TM) i7-1165G7 @ 2.80GHz, 8 cores, 15G,  Windows 10 , 64 bit Build 19041 (10.0.19041.5915)
Time: Fri Jun 12 14:30:48 2026 SE Asia Standard Time elapsed time: 22.607612 seconds (0d 0h 0m 22s)

---------------  T H R E A D  ---------------

Current thread (0x000002108b07aeb0):  JavaThread "C2 CompilerThread0" daemon [_thread_in_native, id=4572, stack(0x000000c2ad900000,0x000000c2ada00000) (1024K)]


Current CompileTask:
C2:22607 16062       4       org.jetbrains.kotlin.cli.jvm.compiler.KotlinCliJavaFileManagerImpl::findClass (360 bytes)

Stack: [0x000000c2ad900000,0x000000c2ada00000]
Native frames: (J=compiled Java code, j=interpreted, Vv=VM code, C=native code)
V  [jvm.dll+0x6d78a9]
V  [jvm.dll+0x8665b3]
V  [jvm.dll+0x868bde]
V  [jvm.dll+0x8692c3]
V  [jvm.dll+0x280ee6]
V  [jvm.dll+0xc07cd]
V  [jvm.dll+0xc0d03]
V  [jvm.dll+0x3ba0cb]
V  [jvm.dll+0x1dfe64]
V  [jvm.dll+0x249d24]
V  [jvm.dll+0x2491a1]
V  [jvm.dll+0x1c76e4]
V  [jvm.dll+0x25891e]
V  [jvm.dll+0x256e66]
V  [jvm.dll+0x3f513e]
V  [jvm.dll+0x80fd28]
V  [jvm.dll+0x6d60fd]
C  [ucrtbase.dll+0x21bb2]
C  [KERNEL32.DLL+0x17374]
C  [ntdll.dll+0x4cc91]


---------------  P R O C E S S  ---------------

Threads class SMR info:
_java_thread_list=0x0000021097655dd0, length=12, elements={
0x00000210eadae5f0, 0x000002108b046f40, 0x000002108b0494d0, 0x000002108b04a7c0,
0x000002108b06a130, 0x000002108b08c100, 0x000002108b08ef80, 0x000002108b078830,
0x000002108b07aeb0, 0x000002108b0bc270, 0x000002108b24aa80, 0x000002108c794360
}

Java Threads: ( => current thread )
  0x00000210eadae5f0 JavaThread "main"                              [_thread_in_Java, id=20384, stack(0x000000c2aca00000,0x000000c2acb00000) (1024K)]
  0x000002108b046f40 JavaThread "Common-Cleaner"             daemon [_thread_blocked, id=1744, stack(0x000000c2ad200000,0x000000c2ad300000) (1024K)]
  0x000002108b0494d0 JavaThread "Reference Handler"          daemon [_thread_blocked, id=7248, stack(0x000000c2ad300000,0x000000c2ad400000) (1024K)]
  0x000002108b04a7c0 JavaThread "Finalizer"                  daemon [_thread_blocked, id=16148, stack(0x000000c2ad400000,0x000000c2ad500000) (1024K)]
  0x000002108b06a130 JavaThread "Signal Dispatcher"          daemon [_thread_blocked, id=1640, stack(0x000000c2ad500000,0x000000c2ad600000) (1024K)]
  0x000002108b08c100 JavaThread "Attach Listener"            daemon [_thread_blocked, id=4200, stack(0x000000c2ad600000,0x000000c2ad700000) (1024K)]
  0x000002108b08ef80 JavaThread "Service Thread"             daemon [_thread_blocked, id=19004, stack(0x000000c2ad700000,0x000000c2ad800000) (1024K)]
  0x000002108b078830 JavaThread "Monitor Deflation Thread"   daemon [_thread_blocked, id=8452, stack(0x000000c2ad800000,0x000000c2ad900000) (1024K)]
=>0x000002108b07aeb0 JavaThread "C2 CompilerThread0"         daemon [_thread_in_native, id=4572, stack(0x000000c2ad900000,0x000000c2ada00000) (1024K)]
  0x000002108b0bc270 JavaThread "C1 CompilerThread0"         daemon [_thread_blocked, id=15140, stack(0x000000c2ada00000,0x000000c2adb00000) (1024K)]
  0x000002108b24aa80 JavaThread "Notification Thread"        daemon [_thread_blocked, id=18004, stack(0x000000c2adb00000,0x000000c2adc00000) (1024K)]
  0x000002108c794360 JavaThread "C2 CompilerThread1"         daemon [_thread_in_native, id=12176, stack(0x000000c2ae400000,0x000000c2ae500000) (1024K)]
Total: 12

Other Threads:
  0x000002108b008070 VMThread "VM Thread"                           [id=11844, stack(0x000000c2ad100000,0x000000c2ad200000) (1024K)]
  0x0000021086dafbb0 WatcherThread "VM Periodic Task Thread"        [id=19608, stack(0x000000c2ad000000,0x000000c2ad100000) (1024K)]
  0x00000210ed0912a0 WorkerThread "GC Thread#0"                     [id=17660, stack(0x000000c2acb00000,0x000000c2acc00000) (1024K)]
  0x000002108b95c720 WorkerThread "GC Thread#1"                     [id=10200, stack(0x000000c2adc00000,0x000000c2add00000) (1024K)]
  0x000002108b95cad0 WorkerThread "GC Thread#2"                     [id=17456, stack(0x000000c2add00000,0x000000c2ade00000) (1024K)]
  0x000002108b95ce80 WorkerThread "GC Thread#3"                     [id=17288, stack(0x000000c2ade00000,0x000000c2adf00000) (1024K)]
  0x000002108b977ff0 WorkerThread "GC Thread#4"                     [id=9872, stack(0x000000c2adf00000,0x000000c2ae000000) (1024K)]
  0x000002108b9783a0 WorkerThread "GC Thread#5"                     [id=6064, stack(0x000000c2ae000000,0x000000c2ae100000) (1024K)]
  0x000002108b978750 WorkerThread "GC Thread#6"                     [id=18220, stack(0x000000c2ae100000,0x000000c2ae200000) (1024K)]
  0x000002108b978b00 WorkerThread "GC Thread#7"                     [id=13704, stack(0x000000c2ae200000,0x000000c2ae300000) (1024K)]
  0x00000210ed0a1fd0 ConcurrentGCThread "G1 Main Marker"            [id=5544, stack(0x000000c2acc00000,0x000000c2acd00000) (1024K)]
  0x00000210ed0a3a90 WorkerThread "G1 Conc#0"                       [id=11640, stack(0x000000c2acd00000,0x000000c2ace00000) (1024K)]
  0x000002108c0eb920 WorkerThread "G1 Conc#1"                       [id=9524, stack(0x000000c2ae300000,0x000000c2ae400000) (1024K)]
  0x00000210ed0fe790 ConcurrentGCThread "G1 Refine#0"               [id=12860, stack(0x000000c2ace00000,0x000000c2acf00000) (1024K)]
  0x0000021086c814b0 ConcurrentGCThread "G1 Service"                [id=19736, stack(0x000000c2acf00000,0x000000c2ad000000) (1024K)]
Total: 15

Threads with active compile tasks:
C2 CompilerThread0  22622 16062       4       org.jetbrains.kotlin.cli.jvm.compiler.KotlinCliJavaFileManagerImpl::findClass (360 bytes)
C2 CompilerThread1  22622 16115 % !   4       org.jetbrains.kotlin.cli.jvm.index.JvmDependenciesIndexImpl::traverseDirectoriesInPackage @ 209 (396 bytes)
Total: 2

VM state: not at safepoint (normal execution)

VM Mutex/Monitor currently owned by a thread: None

Heap address: 0x0000000704200000, size: 4030 MB, Compressed Oops mode: Zero based, Oop shift amount: 3

CDS archive(s) not mapped
Compressed class space mapped at: 0x0000000800000000-0x0000000840000000, reserved size: 1073741824
Narrow klass base: 0x0000000800000000, Narrow klass shift: 0, Narrow klass range: 0x40000000

GC Precious Log:
 CardTable entry size: 512
 Card Set container configuration: InlinePtr #cards 4 size 8 Array Of Cards #cards 16 size 48 Howl #buckets 8 coarsen threshold 3686 Howl Bitmap #cards 512 size 80 coarsen threshold 460 Card regions per heap region 1 cards per card region 4096
 CPUs: 8 total, 8 available
 Memory: 16112M
 Large Page Support: Disabled
 NUMA Support: Disabled
 Compressed Oops: Enabled (Zero based)
 Heap Region Size: 2M
 Heap Min Capacity: 8M
 Heap Initial Capacity: 252M
 Heap Max Capacity: 4030M
 Pre-touch: Disabled
 Parallel Workers: 8
 Concurrent Workers: 2
 Concurrent Refinement Workers: 8
 Periodic GC: Disabled

Heap:
 garbage-first heap   total 219136K, used 160601K [0x0000000704200000, 0x0000000800000000)
  region size 2048K, 16 young (32768K), 5 survivors (10240K)
 Metaspace       used 81986K, committed 82304K, reserved 1179648K
  class space    used 8651K, committed 8832K, reserved 1048576K

Heap Regions: E=young(eden), S=young(survivor), O=old, HS=humongous(starts), HC=humongous(continues), CS=collection set, F=free, TAMS=top-at-mark-start, PB=parsable bottom
|   0|0x0000000704200000, 0x0000000704400000, 0x0000000704400000|100%|HS|  |TAMS 0x0000000704200000| PB 0x0000000704200000| Complete 
|   1|0x0000000704400000, 0x0000000704600000, 0x0000000704600000|100%|HC|  |TAMS 0x0000000704400000| PB 0x0000000704400000| Complete 
|   2|0x0000000704600000, 0x0000000704800000, 0x0000000704800000|100%| O|  |TAMS 0x0000000704600000| PB 0x0000000704600000| Untracked 
|   3|0x0000000704800000, 0x0000000704a00000, 0x0000000704a00000|100%| O|  |TAMS 0x0000000704800000| PB 0x0000000704800000| Untracked 
|   4|0x0000000704a00000, 0x0000000704c00000, 0x0000000704c00000|100%| O|  |TAMS 0x0000000704a00000| PB 0x0000000704a00000| Untracked 
|   5|0x0000000704c00000, 0x0000000704e00000, 0x0000000704e00000|100%| O|  |TAMS 0x0000000704c00000| PB 0x0000000704c00000| Untracked 
|   6|0x0000000704e00000, 0x0000000705000000, 0x0000000705000000|100%| O|  |TAMS 0x0000000704e00000| PB 0x0000000704e00000| Untracked 
|   7|0x0000000705000000, 0x0000000705200000, 0x0000000705200000|100%| O|  |TAMS 0x0000000705000000| PB 0x0000000705000000| Untracked 
|   8|0x0000000705200000, 0x0000000705400000, 0x0000000705400000|100%| O|  |TAMS 0x0000000705200000| PB 0x0000000705200000| Untracked 
|   9|0x0000000705400000, 0x0000000705600000, 0x0000000705600000|100%| O|  |TAMS 0x0000000705400000| PB 0x0000000705400000| Untracked 
|  10|0x0000000705600000, 0x0000000705800000, 0x0000000705800000|100%| O|  |TAMS 0x0000000705600000| PB 0x0000000705600000| Untracked 
|  11|0x0000000705800000, 0x0000000705a00000, 0x0000000705a00000|100%| O|  |TAMS 0x0000000705800000| PB 0x0000000705800000| Untracked 
|  12|0x0000000705a00000, 0x0000000705c00000, 0x0000000705c00000|100%| O|  |TAMS 0x0000000705a00000| PB 0x0000000705a00000| Untracked 
|  13|0x0000000705c00000, 0x0000000705e00000, 0x0000000705e00000|100%| O|  |TAMS 0x0000000705c00000| PB 0x0000000705c00000| Untracked 
|  14|0x0000000705e00000, 0x0000000706000000, 0x0000000706000000|100%| O|  |TAMS 0x0000000705e00000| PB 0x0000000705e00000| Untracked 
|  15|0x0000000706000000, 0x0000000706200000, 0x0000000706200000|100%| O|  |TAMS 0x0000000706000000| PB 0x0000000706000000| Untracked 
|  16|0x0000000706200000, 0x0000000706400000, 0x0000000706400000|100%| O|  |TAMS 0x0000000706200000| PB 0x0000000706200000| Untracked 
|  17|0x0000000706400000, 0x0000000706600000, 0x0000000706600000|100%| O|  |TAMS 0x0000000706400000| PB 0x0000000706400000| Untracked 
|  18|0x0000000706600000, 0x0000000706800000, 0x0000000706800000|100%| O|  |TAMS 0x0000000706600000| PB 0x0000000706600000| Untracked 
|  19|0x0000000706800000, 0x0000000706a00000, 0x0000000706a00000|100%| O|  |TAMS 0x0000000706800000| PB 0x0000000706800000| Untracked 
|  20|0x0000000706a00000, 0x0000000706c00000, 0x0000000706c00000|100%| O|  |TAMS 0x0000000706a00000| PB 0x0000000706a00000| Untracked 
|  21|0x0000000706c00000, 0x0000000706e00000, 0x0000000706e00000|100%| O|  |TAMS 0x0000000706c00000| PB 0x0000000706c00000| Untracked 
|  22|0x0000000706e00000, 0x0000000707000000, 0x0000000707000000|100%| O|  |TAMS 0x0000000706e00000| PB 0x0000000706e00000| Untracked 
|  23|0x0000000707000000, 0x0000000707200000, 0x0000000707200000|100%| O|  |TAMS 0x0000000707000000| PB 0x0000000707000000| Untracked 
|  24|0x0000000707200000, 0x0000000707400000, 0x0000000707400000|100%| O|  |TAMS 0x0000000707200000| PB 0x0000000707200000| Untracked 
|  25|0x0000000707400000, 0x0000000707600000, 0x0000000707600000|100%| O|  |TAMS 0x0000000707400000| PB 0x0000000707400000| Untracked 
|  26|0x0000000707600000, 0x0000000707800000, 0x0000000707800000|100%| O|  |TAMS 0x0000000707600000| PB 0x0000000707600000| Untracked 
|  27|0x0000000707800000, 0x0000000707a00000, 0x0000000707a00000|100%| O|  |TAMS 0x0000000707800000| PB 0x0000000707800000| Untracked 
|  28|0x0000000707a00000, 0x0000000707c00000, 0x0000000707c00000|100%| O|  |TAMS 0x0000000707a00000| PB 0x0000000707a00000| Untracked 
|  29|0x0000000707c00000, 0x0000000707e00000, 0x0000000707e00000|100%| O|  |TAMS 0x0000000707c00000| PB 0x0000000707c00000| Untracked 
|  30|0x0000000707e00000, 0x0000000708000000, 0x0000000708000000|100%| O|  |TAMS 0x0000000707e00000| PB 0x0000000707e00000| Untracked 
|  31|0x0000000708000000, 0x0000000708200000, 0x0000000708200000|100%| O|  |TAMS 0x0000000708000000| PB 0x0000000708000000| Untracked 
|  32|0x0000000708200000, 0x0000000708400000, 0x0000000708400000|100%| O|  |TAMS 0x0000000708200000| PB 0x0000000708200000| Untracked 
|  33|0x0000000708400000, 0x0000000708600000, 0x0000000708600000|100%| O|  |TAMS 0x0000000708400000| PB 0x0000000708400000| Untracked 
|  34|0x0000000708600000, 0x0000000708800000, 0x0000000708800000|100%| O|  |TAMS 0x0000000708600000| PB 0x0000000708600000| Untracked 
|  35|0x0000000708800000, 0x0000000708a00000, 0x0000000708a00000|100%| O|  |TAMS 0x0000000708800000| PB 0x0000000708800000| Untracked 
|  36|0x0000000708a00000, 0x0000000708c00000, 0x0000000708c00000|100%| O|  |TAMS 0x0000000708a00000| PB 0x0000000708a00000| Untracked 
|  37|0x0000000708c00000, 0x0000000708e00000, 0x0000000708e00000|100%| O|  |TAMS 0x0000000708c00000| PB 0x0000000708c00000| Untracked 
|  38|0x0000000708e00000, 0x0000000709000000, 0x0000000709000000|100%| O|  |TAMS 0x0000000708e00000| PB 0x0000000708e00000| Untracked 
|  39|0x0000000709000000, 0x0000000709200000, 0x0000000709200000|100%| O|Cm|TAMS 0x0000000709000000| PB 0x0000000709000000| Complete 
|  40|0x0000000709200000, 0x0000000709400000, 0x0000000709400000|100%| O|  |TAMS 0x0000000709200000| PB 0x0000000709200000| Untracked 
|  41|0x0000000709400000, 0x0000000709600000, 0x0000000709600000|100%| O|  |TAMS 0x0000000709400000| PB 0x0000000709400000| Untracked 
|  42|0x0000000709600000, 0x0000000709800000, 0x0000000709800000|100%| O|  |TAMS 0x0000000709600000| PB 0x0000000709600000| Untracked 
|  43|0x0000000709800000, 0x0000000709a00000, 0x0000000709a00000|100%| O|  |TAMS 0x0000000709800000| PB 0x0000000709800000| Untracked 
|  44|0x0000000709a00000, 0x0000000709c00000, 0x0000000709c00000|100%| O|  |TAMS 0x0000000709a00000| PB 0x0000000709a00000| Untracked 
|  45|0x0000000709c00000, 0x0000000709e00000, 0x0000000709e00000|100%| O|  |TAMS 0x0000000709c00000| PB 0x0000000709c00000| Untracked 
|  46|0x0000000709e00000, 0x000000070a000000, 0x000000070a000000|100%| O|  |TAMS 0x0000000709e00000| PB 0x0000000709e00000| Untracked 
|  47|0x000000070a000000, 0x000000070a200000, 0x000000070a200000|100%| O|  |TAMS 0x000000070a000000| PB 0x000000070a000000| Untracked 
|  48|0x000000070a200000, 0x000000070a400000, 0x000000070a400000|100%| O|  |TAMS 0x000000070a200000| PB 0x000000070a200000| Untracked 
|  49|0x000000070a400000, 0x000000070a600000, 0x000000070a600000|100%| O|  |TAMS 0x000000070a400000| PB 0x000000070a400000| Untracked 
|  50|0x000000070a600000, 0x000000070a800000, 0x000000070a800000|100%| O|Cm|TAMS 0x000000070a600000| PB 0x000000070a600000| Complete 
|  51|0x000000070a800000, 0x000000070aa00000, 0x000000070aa00000|100%| O|  |TAMS 0x000000070a800000| PB 0x000000070a800000| Untracked 
|  52|0x000000070aa00000, 0x000000070ac00000, 0x000000070ac00000|100%| O|  |TAMS 0x000000070aa00000| PB 0x000000070aa00000| Untracked 
|  53|0x000000070ac00000, 0x000000070ae00000, 0x000000070ae00000|100%| O|  |TAMS 0x000000070ac00000| PB 0x000000070ac00000| Untracked 
|  54|0x000000070ae00000, 0x000000070b000000, 0x000000070b000000|100%| O|  |TAMS 0x000000070ae00000| PB 0x000000070ae00000| Untracked 
|  55|0x000000070b000000, 0x000000070b200000, 0x000000070b200000|100%| O|  |TAMS 0x000000070b000000| PB 0x000000070b000000| Untracked 
|  56|0x000000070b200000, 0x000000070b400000, 0x000000070b400000|100%| O|  |TAMS 0x000000070b200000| PB 0x000000070b200000| Untracked 
|  57|0x000000070b400000, 0x000000070b600000, 0x000000070b600000|100%| O|  |TAMS 0x000000070b400000| PB 0x000000070b400000| Untracked 
|  58|0x000000070b600000, 0x000000070b800000, 0x000000070b800000|100%| O|  |TAMS 0x000000070b600000| PB 0x000000070b600000| Untracked 
|  59|0x000000070b800000, 0x000000070ba00000, 0x000000070ba00000|100%| O|  |TAMS 0x000000070b800000| PB 0x000000070b800000| Untracked 
|  60|0x000000070ba00000, 0x000000070bc00000, 0x000000070bc00000|100%| O|  |TAMS 0x000000070ba00000| PB 0x000000070ba00000| Untracked 
|  61|0x000000070bc00000, 0x000000070bc00000, 0x000000070be00000|  0%| F|  |TAMS 0x000000070bc00000| PB 0x000000070bc00000| Untracked 
|  62|0x000000070be00000, 0x000000070be00000, 0x000000070c000000|  0%| F|  |TAMS 0x000000070be00000| PB 0x000000070be00000| Untracked 
|  63|0x000000070c000000, 0x000000070c200000, 0x000000070c200000|100%| O|  |TAMS 0x000000070c000000| PB 0x000000070c000000| Untracked 
|  64|0x000000070c200000, 0x000000070c200000, 0x000000070c400000|  0%| F|  |TAMS 0x000000070c200000| PB 0x000000070c200000| Untracked 
|  65|0x000000070c400000, 0x000000070c400000, 0x000000070c600000|  0%| F|  |TAMS 0x000000070c400000| PB 0x000000070c400000| Untracked 
|  66|0x000000070c600000, 0x000000070c800000, 0x000000070c800000|100%| O|  |TAMS 0x000000070c600000| PB 0x000000070c600000| Untracked 
|  67|0x000000070c800000, 0x000000070c8d64a0, 0x000000070ca00000| 41%| O|  |TAMS 0x000000070c800000| PB 0x000000070c800000| Untracked 
|  68|0x000000070ca00000, 0x000000070cc00000, 0x000000070cc00000|100%| S|CS|TAMS 0x000000070ca00000| PB 0x000000070ca00000| Complete 
|  69|0x000000070cc00000, 0x000000070ce00000, 0x000000070ce00000|100%| S|CS|TAMS 0x000000070cc00000| PB 0x000000070cc00000| Complete 
|  70|0x000000070ce00000, 0x000000070d000000, 0x000000070d000000|100%| S|CS|TAMS 0x000000070ce00000| PB 0x000000070ce00000| Complete 
|  71|0x000000070d000000, 0x000000070d200000, 0x000000070d200000|100%| S|CS|TAMS 0x000000070d000000| PB 0x000000070d000000| Complete 
|  72|0x000000070d200000, 0x000000070d400000, 0x000000070d400000|100%| S|CS|TAMS 0x000000070d200000| PB 0x000000070d200000| Complete 
|  73|0x000000070d400000, 0x000000070d400000, 0x000000070d600000|  0%| F|  |TAMS 0x000000070d400000| PB 0x000000070d400000| Untracked 
|  74|0x000000070d600000, 0x000000070d600000, 0x000000070d800000|  0%| F|  |TAMS 0x000000070d600000| PB 0x000000070d600000| Untracked 
|  75|0x000000070d800000, 0x000000070d800000, 0x000000070da00000|  0%| F|  |TAMS 0x000000070d800000| PB 0x000000070d800000| Untracked 
|  76|0x000000070da00000, 0x000000070da00000, 0x000000070dc00000|  0%| F|  |TAMS 0x000000070da00000| PB 0x000000070da00000| Untracked 
|  77|0x000000070dc00000, 0x000000070dc00000, 0x000000070de00000|  0%| F|  |TAMS 0x000000070dc00000| PB 0x000000070dc00000| Untracked 
|  78|0x000000070de00000, 0x000000070de00000, 0x000000070e000000|  0%| F|  |TAMS 0x000000070de00000| PB 0x000000070de00000| Untracked 
|  79|0x000000070e000000, 0x000000070e000000, 0x000000070e200000|  0%| F|  |TAMS 0x000000070e000000| PB 0x000000070e000000| Untracked 
|  80|0x000000070e200000, 0x000000070e200000, 0x000000070e400000|  0%| F|  |TAMS 0x000000070e200000| PB 0x000000070e200000| Untracked 
|  81|0x000000070e400000, 0x000000070e400000, 0x000000070e600000|  0%| F|  |TAMS 0x000000070e400000| PB 0x000000070e400000| Untracked 
|  82|0x000000070e600000, 0x000000070e600000, 0x000000070e800000|  0%| F|  |TAMS 0x000000070e600000| PB 0x000000070e600000| Untracked 
|  83|0x000000070e800000, 0x000000070e800000, 0x000000070ea00000|  0%| F|  |TAMS 0x000000070e800000| PB 0x000000070e800000| Untracked 
|  84|0x000000070ea00000, 0x000000070ea00000, 0x000000070ec00000|  0%| F|  |TAMS 0x000000070ea00000| PB 0x000000070ea00000| Untracked 
|  85|0x000000070ec00000, 0x000000070ec00000, 0x000000070ee00000|  0%| F|  |TAMS 0x000000070ec00000| PB 0x000000070ec00000| Untracked 
|  86|0x000000070ee00000, 0x000000070ee00000, 0x000000070f000000|  0%| F|  |TAMS 0x000000070ee00000| PB 0x000000070ee00000| Untracked 
|  87|0x000000070f000000, 0x000000070f000000, 0x000000070f200000|  0%| F|  |TAMS 0x000000070f000000| PB 0x000000070f000000| Untracked 
|  88|0x000000070f200000, 0x000000070f200000, 0x000000070f400000|  0%| F|  |TAMS 0x000000070f200000| PB 0x000000070f200000| Untracked 
|  89|0x000000070f400000, 0x000000070f400000, 0x000000070f600000|  0%| F|  |TAMS 0x000000070f400000| PB 0x000000070f400000| Untracked 
|  90|0x000000070f600000, 0x000000070f600000, 0x000000070f800000|  0%| F|  |TAMS 0x000000070f600000| PB 0x000000070f600000| Untracked 
|  91|0x000000070f800000, 0x000000070f800000, 0x000000070fa00000|  0%| F|  |TAMS 0x000000070f800000| PB 0x000000070f800000| Untracked 
|  92|0x000000070fa00000, 0x000000070fa00000, 0x000000070fc00000|  0%| F|  |TAMS 0x000000070fa00000| PB 0x000000070fa00000| Untracked 
|  93|0x000000070fc00000, 0x000000070fc00000, 0x000000070fe00000|  0%| F|  |TAMS 0x000000070fc00000| PB 0x000000070fc00000| Untracked 
|  94|0x000000070fe00000, 0x000000070fe00000, 0x0000000710000000|  0%| F|  |TAMS 0x000000070fe00000| PB 0x000000070fe00000| Untracked 
|  95|0x0000000710000000, 0x0000000710000000, 0x0000000710200000|  0%| F|  |TAMS 0x0000000710000000| PB 0x0000000710000000| Untracked 
|  96|0x0000000710200000, 0x0000000710300000, 0x0000000710400000| 50%| E|  |TAMS 0x0000000710200000| PB 0x0000000710200000| Complete 
|  97|0x0000000710400000, 0x0000000710600000, 0x0000000710600000|100%| E|CS|TAMS 0x0000000710400000| PB 0x0000000710400000| Complete 
|  98|0x0000000710600000, 0x0000000710800000, 0x0000000710800000|100%| E|CS|TAMS 0x0000000710600000| PB 0x0000000710600000| Complete 
|  99|0x0000000710800000, 0x0000000710a00000, 0x0000000710a00000|100%| E|CS|TAMS 0x0000000710800000| PB 0x0000000710800000| Complete 
| 100|0x0000000710a00000, 0x0000000710c00000, 0x0000000710c00000|100%| E|CS|TAMS 0x0000000710a00000| PB 0x0000000710a00000| Complete 
| 101|0x0000000710c00000, 0x0000000710e00000, 0x0000000710e00000|100%| E|CS|TAMS 0x0000000710c00000| PB 0x0000000710c00000| Complete 
| 102|0x0000000710e00000, 0x0000000711000000, 0x0000000711000000|100%| E|CS|TAMS 0x0000000710e00000| PB 0x0000000710e00000| Complete 
| 103|0x0000000711000000, 0x0000000711200000, 0x0000000711200000|100%| E|CS|TAMS 0x0000000711000000| PB 0x0000000711000000| Complete 
| 104|0x0000000711200000, 0x0000000711400000, 0x0000000711400000|100%| E|CS|TAMS 0x0000000711200000| PB 0x0000000711200000| Complete 
| 105|0x0000000711400000, 0x0000000711600000, 0x0000000711600000|100%| E|CS|TAMS 0x0000000711400000| PB 0x0000000711400000| Complete 
| 125|0x0000000713c00000, 0x0000000713e00000, 0x0000000713e00000|100%| E|CS|TAMS 0x0000000713c00000| PB 0x0000000713c00000| Complete 

Card table byte_map: [0x0000021080000000,0x00000210807e0000] _byte_map_base: 0x000002107c7df000

Marking Bits: (CMBitMap*) 0x00000210ed0919b0
 Bits: [0x00000210807e0000, 0x00000210846d8000)

Polling page: 0x00000210eb010000

Metaspace:

Usage:
  Non-class:     71.62 MB used.
      Class:      8.45 MB used.
       Both:     80.07 MB used.

Virtual space:
  Non-class space:      128.00 MB reserved,      71.81 MB ( 56%) committed,  2 nodes.
      Class space:        1.00 GB reserved,       8.62 MB ( <1%) committed,  1 nodes.
             Both:        1.12 GB reserved,      80.44 MB (  7%) committed. 

Chunk freelists:
   Non-Class:  7.98 MB
       Class:  7.22 MB
        Both:  15.20 MB

MaxMetaspaceSize: unlimited
CompressedClassSpaceSize: 1.00 GB
Initial GC threshold: 21.00 MB
Current GC threshold: 127.31 MB
CDS: off
 - commit_granule_bytes: 65536.
 - commit_granule_words: 8192.
 - virtual_space_node_default_size: 8388608.
 - enlarge_chunks_in_place: 1.
 - use_allocation_guard: 0.


Internal statistics:

num_allocs_failed_limit: 6.
num_arena_births: 342.
num_arena_deaths: 0.
num_vsnodes_births: 3.
num_vsnodes_deaths: 0.
num_space_committed: 1285.
num_space_uncommitted: 0.
num_chunks_returned_to_freelist: 6.
num_chunks_taken_from_freelist: 2827.
num_chunk_merges: 6.
num_chunk_splits: 2408.
num_chunks_enlarged: 2208.
num_inconsistent_stats: 0.

CodeHeap 'non-profiled nmethods': size=120000Kb used=10227Kb max_used=11079Kb free=109772Kb
 bounds [0x00000210f7c70000, 0x00000210f8750000, 0x00000210ff1a0000]
CodeHeap 'profiled nmethods': size=120000Kb used=52729Kb max_used=53591Kb free=67270Kb
 bounds [0x00000210f01a0000, 0x00000210f3620000, 0x00000210f76d0000]
CodeHeap 'non-nmethods': size=5760Kb used=1868Kb max_used=1934Kb free=3891Kb
 bounds [0x00000210f76d0000, 0x00000210f7940000, 0x00000210f7c70000]
CodeCache: size=245760Kb, used=64824Kb, max_used=66604Kb, free=180933Kb
 total_blobs=14392, nmethods=13576, adapters=712, full_count=0
Compilation: enabled, stopped_count=0, restarted_count=0

Compilation events (20 events):
Event: 22.559 Thread 0x000002108b0bc270 nmethod 16430 0x00000210f0bee010 code [0x00000210f0bee1a0, 0x00000210f0bee2b8]
Event: 22.559 Thread 0x000002108b0bc270 16431       2       org.jetbrains.kotlin.ir.util.IrUtilsKt::getFileOrNull (28 bytes)
Event: 22.560 Thread 0x000002108b0bc270 nmethod 16431 0x00000210f16b7590 code [0x00000210f16b77a0, 0x00000210f16b7b18]
Event: 22.560 Thread 0x000002108b0bc270 16432       2       org.jetbrains.kotlin.ir.visitors.IrTransformer::visitConstructor (7 bytes)
Event: 22.560 Thread 0x000002108b0bc270 nmethod 16432 0x00000210f0c14290 code [0x00000210f0c14440, 0x00000210f0c14570]
Event: 22.560 Thread 0x000002108b0bc270 16434       2       org.jetbrains.kotlin.ir.expressions.IrSetField::transformChildren (42 bytes)
Event: 22.562 Thread 0x000002108b0bc270 nmethod 16434 0x00000210f16b5810 code [0x00000210f16b5be0, 0x00000210f16b6b60]
Event: 22.562 Thread 0x000002108b0bc270 16436       3       org.jetbrains.kotlin.fir.lazy.Fir2IrLazyClass::getAnnotations (19 bytes)
Event: 22.562 Thread 0x000002108b0bc270 nmethod 16436 0x00000210f0465290 code [0x00000210f0465440, 0x00000210f0465748]
Event: 22.562 Thread 0x000002108b0bc270 16435       3       org.jetbrains.kotlin.ir.visitors.IrTransformer::visitBranch (15 bytes)
Event: 22.563 Thread 0x000002108b0bc270 nmethod 16435 0x00000210f16b3410 code [0x00000210f16b37c0, 0x00000210f16b50a8]
Event: 22.563 Thread 0x000002108b0bc270 16433       2       org.jetbrains.kotlin.ir.visitors.IrTransformer::visitConstructor (17 bytes)
Event: 22.564 Thread 0x000002108b0bc270 nmethod 16433 0x00000210f16b2d10 code [0x00000210f16b2f00, 0x00000210f16b3218]
Event: 22.564 Thread 0x000002108b0bc270 16437       2       org.jetbrains.kotlin.ir.declarations.IrTypeParameter::accept (13 bytes)
Event: 22.564 Thread 0x000002108b0bc270 nmethod 16437 0x00000210f16b2610 code [0x00000210f16b2800, 0x00000210f16b2b18]
Event: 22.571 Thread 0x000002108b0bc270 16439       3       org.jetbrains.kotlin.ir.visitors.IrTransformer::visitFieldAccess (17 bytes)
Event: 22.571 Thread 0x000002108b0bc270 nmethod 16439 0x00000210f16b1a90 code [0x00000210f16b1cc0, 0x00000210f16b2368]
Event: 22.589 Thread 0x000002108b0bc270 16440       2       org.jetbrains.kotlin.ir.interpreter.transformer.IrConstExpressionTransformer::visitStringConcatenation$getConstStringOrEmpty (24 bytes)
Event: 22.589 Thread 0x000002108b0bc270 nmethod 16440 0x00000210f0c54190 code [0x00000210f0c54340, 0x00000210f0c54508]
Event: 22.589 Thread 0x000002108b0bc270 16441       3       org.jetbrains.kotlin.ir.interpreter.IrInterpreter::interpret (706 bytes)

GC Heap History (20 events):
Event: 11.039 GC heap before
{Heap before GC invocations=20 (full 0):
 garbage-first heap   total 126976K, used 109116K [0x0000000704200000, 0x0000000800000000)
  region size 2048K, 15 young (30720K), 2 survivors (4096K)
 Metaspace       used 64378K, committed 64704K, reserved 1114112K
  class space    used 7256K, committed 7424K, reserved 1048576K
}
Event: 11.052 GC heap after
{Heap after GC invocations=21 (full 0):
 garbage-first heap   total 126976K, used 85556K [0x0000000704200000, 0x0000000800000000)
  region size 2048K, 2 young (4096K), 2 survivors (4096K)
 Metaspace       used 64378K, committed 64704K, reserved 1114112K
  class space    used 7256K, committed 7424K, reserved 1048576K
}
Event: 11.725 GC heap before
{Heap before GC invocations=22 (full 0):
 garbage-first heap   total 147456K, used 110132K [0x0000000704200000, 0x0000000800000000)
  region size 2048K, 14 young (28672K), 2 survivors (4096K)
 Metaspace       used 64637K, committed 64960K, reserved 1114112K
  class space    used 7267K, committed 7424K, reserved 1048576K
}
Event: 11.734 GC heap after
{Heap after GC invocations=23 (full 0):
 garbage-first heap   total 147456K, used 88052K [0x0000000704200000, 0x0000000800000000)
  region size 2048K, 2 young (4096K), 2 survivors (4096K)
 Metaspace       used 64637K, committed 64960K, reserved 1114112K
  class space    used 7267K, committed 7424K, reserved 1048576K
}
Event: 12.742 GC heap before
{Heap before GC invocations=23 (full 0):
 garbage-first heap   total 147456K, used 129012K [0x0000000704200000, 0x0000000800000000)
  region size 2048K, 22 young (45056K), 2 survivors (4096K)
 Metaspace       used 64947K, committed 65280K, reserved 1114112K
  class space    used 7272K, committed 7424K, reserved 1048576K
}
Event: 12.757 GC heap after
{Heap after GC invocations=24 (full 0):
 garbage-first heap   total 178176K, used 91525K [0x0000000704200000, 0x0000000800000000)
  region size 2048K, 3 young (6144K), 3 survivors (6144K)
 Metaspace       used 64947K, committed 65280K, reserved 1114112K
  class space    used 7272K, committed 7424K, reserved 1048576K
}
Event: 14.334 GC heap before
{Heap before GC invocations=24 (full 0):
 garbage-first heap   total 178176K, used 150917K [0x0000000704200000, 0x0000000800000000)
  region size 2048K, 32 young (65536K), 3 survivors (6144K)
 Metaspace       used 65362K, committed 65664K, reserved 1114112K
  class space    used 7276K, committed 7424K, reserved 1048576K
}
Event: 14.350 GC heap after
{Heap after GC invocations=25 (full 0):
 garbage-first heap   total 178176K, used 96950K [0x0000000704200000, 0x0000000800000000)
  region size 2048K, 4 young (8192K), 4 survivors (8192K)
 Metaspace       used 65362K, committed 65664K, reserved 1114112K
  class space    used 7276K, committed 7424K, reserved 1048576K
}
Event: 15.223 GC heap before
{Heap before GC invocations=25 (full 0):
 garbage-first heap   total 178176K, used 154294K [0x0000000704200000, 0x0000000800000000)
  region size 2048K, 32 young (65536K), 4 survivors (8192K)
 Metaspace       used 65654K, committed 65984K, reserved 1114112K
  class space    used 7282K, committed 7424K, reserved 1048576K
}
Event: 15.239 GC heap after
{Heap after GC invocations=26 (full 0):
 garbage-first heap   total 178176K, used 103612K [0x0000000704200000, 0x0000000800000000)
  region size 2048K, 3 young (6144K), 3 survivors (6144K)
 Metaspace       used 65654K, committed 65984K, reserved 1114112K
  class space    used 7282K, committed 7424K, reserved 1048576K
}
Event: 17.037 GC heap before
{Heap before GC invocations=26 (full 0):
 garbage-first heap   total 178176K, used 156860K [0x0000000704200000, 0x0000000800000000)
  region size 2048K, 29 young (59392K), 3 survivors (6144K)
 Metaspace       used 69970K, committed 70336K, reserved 1114112K
  class space    used 7622K, committed 7808K, reserved 1048576K
}
Event: 17.047 GC heap after
{Heap after GC invocations=27 (full 0):
 garbage-first heap   total 178176K, used 107066K [0x0000000704200000, 0x0000000800000000)
  region size 2048K, 2 young (4096K), 2 survivors (4096K)
 Metaspace       used 69970K, committed 70336K, reserved 1114112K
  class space    used 7622K, committed 7808K, reserved 1048576K
}
Event: 18.346 GC heap before
{Heap before GC invocations=28 (full 0):
 garbage-first heap   total 182272K, used 160314K [0x0000000704200000, 0x0000000800000000)
  region size 2048K, 28 young (57344K), 2 survivors (4096K)
 Metaspace       used 70493K, committed 70848K, reserved 1114112K
  class space    used 7643K, committed 7808K, reserved 1048576K
}
Event: 18.360 GC heap after
{Heap after GC invocations=29 (full 0):
 garbage-first heap   total 182272K, used 112302K [0x0000000704200000, 0x0000000800000000)
  region size 2048K, 4 young (8192K), 4 survivors (8192K)
 Metaspace       used 70493K, committed 70848K, reserved 1114112K
  class space    used 7643K, committed 7808K, reserved 1048576K
}
Event: 19.346 GC heap before
{Heap before GC invocations=29 (full 0):
 garbage-first heap   total 182272K, used 163502K [0x0000000704200000, 0x0000000800000000)
  region size 2048K, 29 young (59392K), 4 survivors (8192K)
 Metaspace       used 72712K, committed 73024K, reserved 1114112K
  class space    used 7863K, committed 8000K, reserved 1048576K
}
Event: 19.365 GC heap after
{Heap after GC invocations=30 (full 0):
 garbage-first heap   total 182272K, used 118077K [0x0000000704200000, 0x0000000800000000)
  region size 2048K, 4 young (8192K), 4 survivors (8192K)
 Metaspace       used 72712K, committed 73024K, reserved 1114112K
  class space    used 7863K, committed 8000K, reserved 1048576K
}
Event: 20.778 GC heap before
{Heap before GC invocations=30 (full 0):
 garbage-first heap   total 182272K, used 163133K [0x0000000704200000, 0x0000000800000000)
  region size 2048K, 27 young (55296K), 4 survivors (8192K)
 Metaspace       used 77804K, committed 78144K, reserved 1179648K
  class space    used 8279K, committed 8448K, reserved 1048576K
}
Event: 20.796 GC heap after
{Heap after GC invocations=31 (full 0):
 garbage-first heap   total 219136K, used 126503K [0x0000000704200000, 0x0000000800000000)
  region size 2048K, 4 young (8192K), 4 survivors (8192K)
 Metaspace       used 77804K, committed 78144K, reserved 1179648K
  class space    used 8279K, committed 8448K, reserved 1048576K
}
Event: 22.029 GC heap before
{Heap before GC invocations=32 (full 0):
 garbage-first heap   total 219136K, used 194087K [0x0000000704200000, 0x0000000800000000)
  region size 2048K, 38 young (77824K), 4 survivors (8192K)
 Metaspace       used 79799K, committed 80128K, reserved 1179648K
  class space    used 8418K, committed 8576K, reserved 1048576K
}
Event: 22.052 GC heap after
{Heap after GC invocations=33 (full 0):
 garbage-first heap   total 219136K, used 140121K [0x0000000704200000, 0x0000000800000000)
  region size 2048K, 5 young (10240K), 5 survivors (10240K)
 Metaspace       used 79799K, committed 80128K, reserved 1179648K
  class space    used 8418K, committed 8576K, reserved 1048576K
}

Dll operation events (3 events):
Event: 0.016 Loaded shared library C:\Program Files\Android\Android Studio\jbr\bin\java.dll
Event: 0.025 Loaded shared library C:\Program Files\Android\Android Studio\jbr\bin\zip.dll
Event: 2.261 Loaded shared library C:\Program Files\Android\Android Studio\jbr\bin\verify.dll

Deoptimization events (20 events):
Event: 22.392 Thread 0x00000210eadae5f0 Uncommon trap: trap_request=0xffffffde fr.pc=0x00000210f87100d8 relative=0x0000000000001178
Event: 22.392 Thread 0x00000210eadae5f0 Uncommon trap: reason=class_check action=maybe_recompile pc=0x00000210f87100d8 method=org.jetbrains.kotlin.fir.backend.Fir2IrVisitor.getImplicitCastInserter()Lorg/jetbrains/kotlin/fir/backend/Fir2IrImplicitCastInserter; @ 4 c2
Event: 22.392 Thread 0x00000210eadae5f0 DEOPT PACKING pc=0x00000210f87100d8 sp=0x000000c2acafbbc0
Event: 22.392 Thread 0x00000210eadae5f0 DEOPT UNPACKING pc=0x00000210f7727ba2 sp=0x000000c2acafbaf0 mode 2
Event: 22.392 Thread 0x00000210eadae5f0 Uncommon trap: trap_request=0xffffffde fr.pc=0x00000210f86c7bfc relative=0x00000000000000bc
Event: 22.392 Thread 0x00000210eadae5f0 Uncommon trap: reason=class_check action=maybe_recompile pc=0x00000210f86c7bfc method=org.jetbrains.kotlin.fir.backend.Fir2IrTypeConverterKt.toIrType(Lorg/jetbrains/kotlin/fir/types/ConeKotlinType;Lorg/jetbrains/kotlin/fir/backend/Fir2IrComponents;Lorg/je
Event: 22.392 Thread 0x00000210eadae5f0 DEOPT PACKING pc=0x00000210f86c7bfc sp=0x000000c2acafba30
Event: 22.392 Thread 0x00000210eadae5f0 DEOPT UNPACKING pc=0x00000210f7727ba2 sp=0x000000c2acafb9c8 mode 2
Event: 22.392 Thread 0x00000210eadae5f0 Uncommon trap: trap_request=0xffffffde fr.pc=0x00000210f87100d8 relative=0x0000000000001178
Event: 22.392 Thread 0x00000210eadae5f0 Uncommon trap: reason=class_check action=maybe_recompile pc=0x00000210f87100d8 method=org.jetbrains.kotlin.fir.backend.Fir2IrVisitor.getImplicitCastInserter()Lorg/jetbrains/kotlin/fir/backend/Fir2IrImplicitCastInserter; @ 4 c2
Event: 22.392 Thread 0x00000210eadae5f0 DEOPT PACKING pc=0x00000210f87100d8 sp=0x000000c2acafbbc0
Event: 22.392 Thread 0x00000210eadae5f0 DEOPT UNPACKING pc=0x00000210f7727ba2 sp=0x000000c2acafbaf0 mode 2
Event: 22.392 Thread 0x00000210eadae5f0 Uncommon trap: trap_request=0xffffffde fr.pc=0x00000210f86f14a0 relative=0x0000000000000080
Event: 22.392 Thread 0x00000210eadae5f0 Uncommon trap: reason=class_check action=maybe_recompile pc=0x00000210f86f14a0 method=org.jetbrains.kotlin.fir.backend.Fir2IrVisitor.getImplicitCastInserter()Lorg/jetbrains/kotlin/fir/backend/Fir2IrImplicitCastInserter; @ 4 c2
Event: 22.392 Thread 0x00000210eadae5f0 DEOPT PACKING pc=0x00000210f86f14a0 sp=0x000000c2acafbb60
Event: 22.392 Thread 0x00000210eadae5f0 DEOPT UNPACKING pc=0x00000210f7727ba2 sp=0x000000c2acafbaf0 mode 2
Event: 22.508 Thread 0x00000210eadae5f0 Uncommon trap: trap_request=0xffffff5c fr.pc=0x00000210f841d4e4 relative=0x0000000000005524
Event: 22.508 Thread 0x00000210eadae5f0 Uncommon trap: reason=speculate_null_check action=make_not_entrant pc=0x00000210f841d4e4 method=org.jetbrains.kotlin.fir.backend.Fir2IrDeclarationStorage.getIrFunctionSymbol(Lorg/jetbrains/kotlin/fir/symbols/impl/FirFunctionSymbol;Lorg/jetbrains/kotlin/fi
Event: 22.508 Thread 0x00000210eadae5f0 DEOPT PACKING pc=0x00000210f841d4e4 sp=0x000000c2acafb150
Event: 22.508 Thread 0x00000210eadae5f0 DEOPT UNPACKING pc=0x00000210f7727ba2 sp=0x000000c2acafb180 mode 2

Classes loaded (20 events):
Event: 15.569 Loading class java/text/MessageFormat
Event: 15.570 Loading class java/text/Format
Event: 15.570 Loading class java/text/Format done
Event: 15.570 Loading class java/text/MessageFormat done
Event: 15.570 Loading class java/util/Locale$Category
Event: 15.570 Loading class java/util/Locale$Category done
Event: 15.605 Loading class java/text/ChoiceFormat
Event: 15.605 Loading class java/text/NumberFormat
Event: 15.606 Loading class java/text/NumberFormat done
Event: 15.606 Loading class java/text/ChoiceFormat done
Event: 15.746 Loading class java/util/EnumMap$EntrySet
Event: 15.746 Loading class java/util/EnumMap$EntrySet done
Event: 15.746 Loading class java/util/EnumMap$EntryIterator
Event: 15.746 Loading class java/util/EnumMap$EnumMapIterator
Event: 15.746 Loading class java/util/EnumMap$EnumMapIterator done
Event: 15.746 Loading class java/util/EnumMap$EntryIterator done
Event: 15.746 Loading class java/util/EnumMap$EntryIterator$Entry
Event: 15.746 Loading class java/util/EnumMap$EntryIterator$Entry done
Event: 22.210 Loading class java/util/Collections$SynchronizedMap
Event: 22.210 Loading class java/util/Collections$SynchronizedMap done

Classes unloaded (0 events):
No events

Classes redefined (0 events):
No events

Internal exceptions (20 events):
Event: 15.746 Thread 0x00000210eadae5f0 Implicit null exception at 0x00000210f7fd4ae3 to 0x00000210f7fd4cac
Event: 16.370 Thread 0x00000210eadae5f0 Implicit null exception at 0x00000210f7e67189 to 0x00000210f7e674a8
Event: 16.416 Thread 0x00000210eadae5f0 Implicit null exception at 0x00000210f7e66a8a to 0x00000210f7e66d6c
Event: 17.559 Thread 0x00000210eadae5f0 Implicit null exception at 0x00000210f84da4c8 to 0x00000210f84da864
Event: 17.560 Thread 0x00000210eadae5f0 Exception <a 'java/lang/NoSuchMethodError'{0x000000070e6fdf68}: 'java.lang.Object java.lang.invoke.DirectMethodHandle$Holder.invokeStatic(java.lang.Object, java.lang.Object, java.lang.Object, java.lang.Object, java.lang.Object, int)'> (0x000000070e6fdf68) 
thrown [s\src\hotspot\share\interpreter\linkResolver.cpp, line 784]
Event: 17.770 Thread 0x00000210eadae5f0 Implicit null exception at 0x00000210f84ab76c to 0x00000210f84ab820
Event: 17.997 Thread 0x00000210eadae5f0 Exception <a 'java/lang/NoSuchMethodError'{0x000000070d8f4880}: 'java.lang.Object java.lang.invoke.DirectMethodHandle$Holder.newInvokeSpecial(java.lang.Object, java.lang.Object, int, java.lang.Object, java.lang.Object, java.lang.Object)'> (0x000000070d8f4880) 
thrown [s\src\hotspot\share\interpreter\linkResolver.cpp, line 784]
Event: 17.998 Thread 0x00000210eadae5f0 Exception <a 'java/lang/NoSuchMethodError'{0x000000070d8f8908}: 'java.lang.Object java.lang.invoke.DirectMethodHandle$Holder.invokeSpecial(java.lang.Object, java.lang.Object, java.lang.Object, int, java.lang.Object, java.lang.Object, java.lang.Object)'> (0x000000070d8f8908) 
thrown [s\src\hotspot\share\interpreter\linkResolver.cpp, line 784]
Event: 17.998 Thread 0x00000210eadae5f0 Exception <a 'java/lang/NoSuchMethodError'{0x000000070d8fbf80}: 'java.lang.Object java.lang.invoke.Invokers$Holder.linkToTargetMethod(java.lang.Object, int, java.lang.Object, java.lang.Object, java.lang.Object, java.lang.Object)'> (0x000000070d8fbf80) 
thrown [s\src\hotspot\share\interpreter\linkResolver.cpp, line 784]
Event: 18.653 Thread 0x00000210eadae5f0 Exception <a 'java/lang/NoSuchMethodError'{0x000000070e8fd250}: 'java.lang.Object java.lang.invoke.DirectMethodHandle$Holder.newInvokeSpecial(java.lang.Object, java.lang.Object, java.lang.Object, java.lang.Object, java.lang.Object, java.lang.Object, int)'> (0x000000070e8fd250) 
thrown [s\src\hotspot\share\interpreter\linkResolver.cpp, line 784]
Event: 18.654 Thread 0x00000210eadae5f0 Exception <a 'java/lang/NoSuchMethodError'{0x000000070e9017b8}: 'java.lang.Object java.lang.invoke.DirectMethodHandle$Holder.invokeSpecial(java.lang.Object, java.lang.Object, java.lang.Object, java.lang.Object, java.lang.Object, java.lang.Object, java.lang.Object, int)'> (0x000000070e9017b8) 
thrown [s\src\hotspot\share\interpreter\linkResolver.cpp, line 784]
Event: 18.655 Thread 0x00000210eadae5f0 Exception <a 'java/lang/NoSuchMethodError'{0x000000070e905920}: 'java.lang.Object java.lang.invoke.Invokers$Holder.linkToTargetMethod(java.lang.Object, java.lang.Object, java.lang.Object, java.lang.Object, java.lang.Object, int, java.lang.Object)'> (0x000000070e905920) 
thrown [s\src\hotspot\share\interpreter\linkResolver.cpp, line 784]
Event: 19.311 Thread 0x00000210eadae5f0 Implicit null exception at 0x00000210f7e57922 to 0x00000210f7e57dc4
Event: 19.313 Thread 0x00000210eadae5f0 Implicit null exception at 0x00000210f7e2f722 to 0x00000210f7e2fbc4
Event: 19.693 Thread 0x00000210eadae5f0 Exception <a 'java/lang/NoSuchMethodError'{0x000000070e7ded38}: 'java.lang.Object java.lang.invoke.DirectMethodHandle$Holder.newInvokeSpecial(java.lang.Object, java.lang.Object, java.lang.Object, java.lang.Object, java.lang.Object, java.lang.Object, java.lang.Object, java.lang.Object, int)'> (0x000000070e7ded38) 
thrown [s\src\hotspot\share\interpreter\linkResolver.cpp, line 784]
Event: 19.693 Thread 0x00000210eadae5f0 Exception <a 'java/lang/NoSuchMethodError'{0x000000070e7e3a30}: 'java.lang.Object java.lang.invoke.DirectMethodHandle$Holder.invokeSpecial(java.lang.Object, java.lang.Object, java.lang.Object, java.lang.Object, java.lang.Object, java.lang.Object, java.lang.Object, java.lang.Object, java.lang.Object, int)'> (0x000000070e7e3a30) 
thrown [s\src\hotspot\share\interpreter\linkResolver.cpp, line 784]
Event: 19.733 Thread 0x00000210eadae5f0 Exception <a 'java/lang/NoSuchMethodError'{0x000000070e5258d8}: 'java.lang.Object java.lang.invoke.DirectMethodHandle$Holder.invokeStatic(java.lang.Object, java.lang.Object, int, int)'> (0x000000070e5258d8) 
thrown [s\src\hotspot\share\interpreter\linkResolver.cpp, line 784]
Event: 20.667 Thread 0x00000210eadae5f0 Implicit null exception at 0x00000210f870446c to 0x00000210f8706060
Event: 22.269 Thread 0x00000210eadae5f0 Exception <a 'java/lang/NoSuchMethodError'{0x0000000710fd0b68}: 'java.lang.Object java.lang.invoke.DirectMethodHandle$Holder.newInvokeSpecial(java.lang.Object, int, java.lang.Object, int)'> (0x0000000710fd0b68) 
thrown [s\src\hotspot\share\interpreter\linkResolver.cpp, line 784]
Event: 22.269 Thread 0x00000210eadae5f0 Exception <a 'java/lang/NoSuchMethodError'{0x0000000710fd4848}: 'java.lang.Object java.lang.invoke.DirectMethodHandle$Holder.invokeSpecial(java.lang.Object, java.lang.Object, int, java.lang.Object, int)'> (0x0000000710fd4848) 
thrown [s\src\hotspot\share\interpreter\linkResolver.cpp, line 784]

ZGC Phase Switch (0 events):
No events

VM Operations (20 events):
Event: 21.872 Executing non-safepoint VM operation: HandshakeAllThreads (Deoptimize)
Event: 21.872 Executing non-safepoint VM operation: HandshakeAllThreads (Deoptimize) done
Event: 21.917 Executing safepoint VM operation: ICBufferFull
Event: 21.917 Executing safepoint VM operation: ICBufferFull done
Event: 22.029 Executing safepoint VM operation: G1CollectForAllocation (G1 Evacuation Pause)
Event: 22.052 Executing safepoint VM operation: G1CollectForAllocation (G1 Evacuation Pause) done
Event: 22.183 Executing non-safepoint VM operation: HandshakeAllThreads (Deoptimize)
Event: 22.183 Executing non-safepoint VM operation: HandshakeAllThreads (Deoptimize) done
Event: 22.213 Executing non-safepoint VM operation: HandshakeAllThreads (Deoptimize)
Event: 22.213 Executing non-safepoint VM operation: HandshakeAllThreads (Deoptimize) done
Event: 22.313 Executing non-safepoint VM operation: HandshakeAllThreads (Deoptimize)
Event: 22.313 Executing non-safepoint VM operation: HandshakeAllThreads (Deoptimize) done
Event: 22.328 Executing non-safepoint VM operation: HandshakeAllThreads (Deoptimize)
Event: 22.329 Executing non-safepoint VM operation: HandshakeAllThreads (Deoptimize) done
Event: 22.338 Executing safepoint VM operation: ICBufferFull
Event: 22.338 Executing safepoint VM operation: ICBufferFull done
Event: 22.375 Executing non-safepoint VM operation: HandshakeAllThreads (Deoptimize)
Event: 22.375 Executing non-safepoint VM operation: HandshakeAllThreads (Deoptimize) done
Event: 22.501 Executing safepoint VM operation: ICBufferFull
Event: 22.502 Executing safepoint VM operation: ICBufferFull done

Memory protections (0 events):
No events

Nmethod flushes (20 events):
Event: 20.992 Thread 0x000002108b008070 flushing  nmethod 0x00000210f2527410
Event: 20.992 Thread 0x000002108b008070 flushing  nmethod 0x00000210f2527e90
Event: 20.992 Thread 0x000002108b008070 flushing  nmethod 0x00000210f2528f10
Event: 20.992 Thread 0x000002108b008070 flushing  nmethod 0x00000210f252c510
Event: 20.992 Thread 0x000002108b008070 flushing  nmethod 0x00000210f252ed90
Event: 20.992 Thread 0x000002108b008070 flushing  nmethod 0x00000210f252f910
Event: 20.992 Thread 0x000002108b008070 flushing  nmethod 0x00000210f2531a90
Event: 20.992 Thread 0x000002108b008070 flushing  nmethod 0x00000210f2533410
Event: 20.992 Thread 0x000002108b008070 flushing  nmethod 0x00000210f256e890
Event: 20.992 Thread 0x000002108b008070 flushing  nmethod 0x00000210f2571590
Event: 20.992 Thread 0x000002108b008070 flushing  nmethod 0x00000210f2576110
Event: 20.992 Thread 0x000002108b008070 flushing  nmethod 0x00000210f2576c90
Event: 20.992 Thread 0x000002108b008070 flushing  nmethod 0x00000210f2578a90
Event: 20.992 Thread 0x000002108b008070 flushing  nmethod 0x00000210f257b810
Event: 20.992 Thread 0x000002108b008070 flushing  nmethod 0x00000210f2585590
Event: 20.992 Thread 0x000002108b008070 flushing  nmethod 0x00000210f25d4090
Event: 20.992 Thread 0x000002108b008070 flushing  nmethod 0x00000210f25e3c10
Event: 20.992 Thread 0x000002108b008070 flushing  nmethod 0x00000210f264aa90
Event: 20.992 Thread 0x000002108b008070 flushing  nmethod 0x00000210f2653a10
Event: 20.992 Thread 0x000002108b008070 flushing  nmethod 0x00000210f265dd90

Events (20 events):
Event: 0.103 Thread 0x00000210eadae5f0 Thread added: 0x000002108b08ef80
Event: 0.103 Thread 0x00000210eadae5f0 Thread added: 0x000002108b078830
Event: 0.103 Thread 0x00000210eadae5f0 Thread added: 0x000002108b07aeb0
Event: 0.103 Thread 0x00000210eadae5f0 Thread added: 0x000002108b0bc270
Event: 0.159 Thread 0x00000210eadae5f0 Thread added: 0x000002108b24aa80
Event: 0.176 Loaded shared library C:\Program Files\Android\Android Studio\jbr\bin\net.dll
Event: 0.179 Loaded shared library C:\Program Files\Android\Android Studio\jbr\bin\nio.dll
Event: 0.205 Thread 0x000002108b07aeb0 Thread added: 0x000002108b2c6270
Event: 0.235 Loaded shared library C:\Program Files\Android\Android Studio\jbr\bin\zip.dll
Event: 0.377 Loaded shared library C:\Program Files\Android\Android Studio\jbr\bin\jimage.dll
Event: 0.993 Loaded shared library C:\Program Files\Android\Android Studio\jbr\bin\management.dll
Event: 1.006 Loaded shared library C:\Program Files\Android\Android Studio\jbr\bin\management_ext.dll
Event: 1.095 Thread 0x000002108b2c6270 Thread exited: 0x000002108b2c6270
Event: 2.053 Thread 0x000002108b0bc270 Thread added: 0x000002108c794360
Event: 2.065 Thread 0x000002108b0bc270 Thread added: 0x000002108c680ad0
Event: 8.093 Thread 0x000002108c680ad0 Thread exited: 0x000002108c680ad0
Event: 8.093 Thread 0x000002108c794360 Thread exited: 0x000002108c794360
Event: 8.174 Thread 0x000002108b0bc270 Thread added: 0x000002108c794360
Event: 9.599 Thread 0x000002108c794360 Thread added: 0x00000210945c8370
Event: 19.478 Thread 0x00000210945c8370 Thread exited: 0x00000210945c8370


Dynamic libraries:
0x00007ff64c360000 - 0x00007ff64c36a000 	C:\Program Files\Android\Android Studio\jbr\bin\java.exe
0x00007ffd62a70000 - 0x00007ffd62c68000 	C:\Windows\SYSTEM32\ntdll.dll
0x00007ffd617f0000 - 0x00007ffd618b2000 	C:\Windows\System32\KERNEL32.DLL
0x00007ffd60280000 - 0x00007ffd60576000 	C:\Windows\System32\KERNELBASE.dll
0x00007ffd60100000 - 0x00007ffd60200000 	C:\Windows\System32\ucrtbase.dll
0x00007ffd3a5e0000 - 0x00007ffd3a5f8000 	C:\Program Files\Android\Android Studio\jbr\bin\jli.dll
0x00007ffcf7fb0000 - 0x00007ffcf7fcb000 	C:\Program Files\Android\Android Studio\jbr\bin\VCRUNTIME140.dll
0x00007ffd61530000 - 0x00007ffd616d1000 	C:\Windows\System32\USER32.dll
0x00007ffd605b0000 - 0x00007ffd605d2000 	C:\Windows\System32\win32u.dll
0x00007ffd61f20000 - 0x00007ffd61f4b000 	C:\Windows\System32\GDI32.dll
0x00007ffd47a00000 - 0x00007ffd47c9b000 	C:\Windows\WinSxS\amd64_microsoft.windows.common-controls_6595b64144ccf1df_6.0.19041.6456_none_60b8a6cb71f64256\COMCTL32.dll
0x00007ffd60810000 - 0x00007ffd60929000 	C:\Windows\System32\gdi32full.dll
0x00007ffd61750000 - 0x00007ffd617ee000 	C:\Windows\System32\msvcrt.dll
0x00007ffd605e0000 - 0x00007ffd6067d000 	C:\Windows\System32\msvcp_win.dll
0x00007ffd62950000 - 0x00007ffd6297f000 	C:\Windows\System32\IMM32.DLL
0x00007ffd54f70000 - 0x00007ffd54f7c000 	C:\Program Files\Android\Android Studio\jbr\bin\vcruntime140_1.dll
0x00007ffc9c7f0000 - 0x00007ffc9c87d000 	C:\Program Files\Android\Android Studio\jbr\bin\msvcp140.dll
0x00007ffc504e0000 - 0x00007ffc51176000 	C:\Program Files\Android\Android Studio\jbr\bin\server\jvm.dll
0x00007ffd61020000 - 0x00007ffd610d1000 	C:\Windows\System32\ADVAPI32.dll
0x00007ffd61b70000 - 0x00007ffd61c0f000 	C:\Windows\System32\sechost.dll
0x00007ffd619f0000 - 0x00007ffd61b10000 	C:\Windows\System32\RPCRT4.dll
0x00007ffd60580000 - 0x00007ffd605a7000 	C:\Windows\System32\bcrypt.dll
0x00007ffd616e0000 - 0x00007ffd6174b000 	C:\Windows\System32\WS2_32.dll
0x00007ffd5fa40000 - 0x00007ffd5fa8b000 	C:\Windows\SYSTEM32\POWRPROF.dll
0x00007ffd58fa0000 - 0x00007ffd58faa000 	C:\Windows\SYSTEM32\VERSION.dll
0x00007ffd52fd0000 - 0x00007ffd52ff7000 	C:\Windows\SYSTEM32\WINMM.dll
0x00007ffd5fa20000 - 0x00007ffd5fa32000 	C:\Windows\SYSTEM32\UMPDC.dll
0x00007ffd5e110000 - 0x00007ffd5e122000 	C:\Windows\SYSTEM32\kernel.appcore.dll
0x00007ffd45d70000 - 0x00007ffd45d7a000 	C:\Program Files\Android\Android Studio\jbr\bin\jimage.dll
0x00007ffd5dad0000 - 0x00007ffd5dcd1000 	C:\Windows\SYSTEM32\DBGHELP.DLL
0x00007ffd3a460000 - 0x00007ffd3a494000 	C:\Windows\SYSTEM32\dbgcore.DLL
0x00007ffd606d0000 - 0x00007ffd60752000 	C:\Windows\System32\bcryptPrimitives.dll
0x00007ffcf7f90000 - 0x00007ffcf7fb0000 	C:\Program Files\Android\Android Studio\jbr\bin\java.dll
0x00007ffceadf0000 - 0x00007ffceae08000 	C:\Program Files\Android\Android Studio\jbr\bin\zip.dll
0x00007ffd621e0000 - 0x00007ffd62950000 	C:\Windows\System32\SHELL32.dll
0x00007ffd5e130000 - 0x00007ffd5e8d5000 	C:\Windows\SYSTEM32\windows.storage.dll
0x00007ffd610f0000 - 0x00007ffd61444000 	C:\Windows\System32\combase.dll
0x00007ffd5f9e0000 - 0x00007ffd5fa0b000 	C:\Windows\SYSTEM32\Wldp.dll
0x00007ffd61450000 - 0x00007ffd6151d000 	C:\Windows\System32\OLEAUT32.dll
0x00007ffd62020000 - 0x00007ffd620cd000 	C:\Windows\System32\SHCORE.dll
0x00007ffd61f60000 - 0x00007ffd61fbb000 	C:\Windows\System32\shlwapi.dll
0x00007ffd60030000 - 0x00007ffd60054000 	C:\Windows\SYSTEM32\profapi.dll
0x00007ffd2abd0000 - 0x00007ffd2abe0000 	C:\Program Files\Android\Android Studio\jbr\bin\net.dll
0x00007ffd5c810000 - 0x00007ffd5c91a000 	C:\Windows\SYSTEM32\WINHTTP.dll
0x00007ffd5f7c0000 - 0x00007ffd5f82a000 	C:\Windows\system32\mswsock.dll
0x00007ffcead90000 - 0x00007ffceada6000 	C:\Program Files\Android\Android Studio\jbr\bin\nio.dll
0x00007ffd21d50000 - 0x00007ffd21d59000 	C:\Program Files\Android\Android Studio\jbr\bin\management.dll
0x00007ffd1fe80000 - 0x00007ffd1fe8b000 	C:\Program Files\Android\Android Studio\jbr\bin\management_ext.dll
0x00007ffd610e0000 - 0x00007ffd610e8000 	C:\Windows\System32\PSAPI.DLL
0x00007ffd1d830000 - 0x00007ffd1d840000 	C:\Program Files\Android\Android Studio\jbr\bin\verify.dll

JVMTI agents: none

dbghelp: loaded successfully - version: 4.0.5 - missing functions: none
symbol engine: initialized successfully - sym options: 0x614 - pdb path: .;C:\Program Files\Android\Android Studio\jbr\bin;C:\Windows\SYSTEM32;C:\Windows\WinSxS\amd64_microsoft.windows.common-controls_6595b64144ccf1df_6.0.19041.6456_none_60b8a6cb71f64256;C:\Program Files\Android\Android Studio\jbr\bin\server

VM Arguments:
java_command: org.jetbrains.kotlin.cli.jvm.K2JVMCompiler @F:\Project app\app\build\20260612_12119653714623313020.compiler.options
java_class_path (initial): C:\Users\Administrator\.gradle\caches\modules-2\files-2.1\org.jetbrains.kotlin\kotlin-compiler-embeddable\2.2.10\6882d39ef03b18879c1a5d2a83c2212361bed5fe\kotlin-compiler-embeddable-2.2.10.jar;C:\Users\Administrator\.gradle\caches\modules-2\files-2.1\org.jetbrains.kotlin\kotlin-stdlib\2.2.10\30de6faa127a4a012db8e71bf1b9c0a99b1402b2\kotlin-stdlib-2.2.10.jar;C:\Users\Administrator\.gradle\caches\modules-2\files-2.1\org.jetbrains.kotlin\kotlin-script-runtime\2.2.10\712f9bc08f378c13a4a00f0bbb28c76e59183e83\kotlin-script-runtime-2.2.10.jar;C:\Users\Administrator\.gradle\caches\modules-2\files-2.1\org.jetbrains.kotlin\kotlin-reflect\1.6.10\1cbe9c92c12a94eea200d23c2bbaedaf3daf5132\kotlin-reflect-1.6.10.jar;C:\Users\Administrator\.gradle\caches\modules-2\files-2.1\org.jetbrains.kotlin\kotlin-daemon-embeddable\2.2.10\212fd3c2c6e4e5d0f4db3c4191233e2b622380cc\kotlin-daemon-embeddable-2.2.10.jar;C:\Users\Administrator\.gradle\caches\modules-2\files-2.1\org.jetbrains.kotlinx\kotlinx-coroutines-core-jvm\1.8.0\ac1dc37a30a93150b704022f8d895ee1bd3a36b3\kotlinx-coroutines-core-jvm-1.8.0.jar;C:\Users\Administrator\.gradle\caches\modules-2\files-2.1\org.jetbrains\annotations\13.0\919f0dfe192fb4e063e7dacadee7f8bb9a2672a9\annotations-13.0.jar
Launcher Type: SUN_STANDARD

[Global flags]
     intx CICompilerCount                          = 4                                         {product} {ergonomic}
     uint ConcGCThreads                            = 2                                         {product} {ergonomic}
     uint G1ConcRefinementThreads                  = 8                                         {product} {ergonomic}
   size_t G1HeapRegionSize                         = 2097152                                   {product} {ergonomic}
    uintx GCDrainStackTargetSize                   = 64                                        {product} {ergonomic}
   size_t InitialHeapSize                          = 264241152                                 {product} {ergonomic}
   size_t MarkStackSize                            = 4194304                                   {product} {ergonomic}
   size_t MaxHeapSize                              = 4225761280                                {product} {ergonomic}
   size_t MaxNewSize                               = 2535456768                                {product} {ergonomic}
   size_t MinHeapDeltaBytes                        = 2097152                                   {product} {ergonomic}
   size_t MinHeapSize                              = 8388608                                   {product} {ergonomic}
    uintx NonNMethodCodeHeapSize                   = 5839372                                {pd product} {ergonomic}
    uintx NonProfiledCodeHeapSize                  = 122909434                              {pd product} {ergonomic}
    uintx ProfiledCodeHeapSize                     = 122909434                              {pd product} {ergonomic}
    uintx ReservedCodeCacheSize                    = 251658240                              {pd product} {ergonomic}
     bool SegmentedCodeCache                       = true                                      {product} {ergonomic}
   size_t SoftMaxHeapSize                          = 4225761280                             {manageable} {ergonomic}
     bool UseCompressedOops                        = true                           {product lp64_product} {ergonomic}
     bool UseG1GC                                  = true                                      {product} {ergonomic}
     bool UseLargePagesIndividualAllocation        = false                                  {pd product} {ergonomic}

Logging:
Log output configuration:
 #0: stdout all=warning uptime,level,tags foldmultilines=false
 #1: stderr all=off uptime,level,tags foldmultilines=false

Release file:
JAVA_VERSION="21.0.10" 
MODULES="java.base java.compiler java.datatransfer java.xml java.prefs java.desktop java.instrument java.logging java.management java.security.sasl java.naming java.rmi java.management.rmi java.net.http java.scripting java.security.jgss java.transaction.xa java.sql java.sql.rowset java.xml.crypto java.se java.smartcardio jdk.accessibility jdk.internal.jvmstat jdk.attach jdk.charsets jdk.internal.opt jdk.zipfs jdk.compiler jdk.crypto.ec jdk.crypto.cryptoki jdk.dynalink jdk.hotspot.agent jdk.httpserver jdk.internal.ed jdk.internal.le jdk.internal.vm.ci jdk.jartool jdk.javadoc jdk.jcmd jdk.jdeps jdk.jdwp.agent jdk.jdi jdk.jfr jdk.jlink jdk.jsobject jdk.localedata jdk.management jdk.management.agent jdk.management.jfr jdk.naming.dns jdk.naming.rmi jdk.net jdk.sctp jdk.security.auth jdk.security.jgss jdk.unsupported jdk.unsupported.desktop jdk.xml.dom" 
IMPLEMENTOR="JetBrains s.r.o." 
JAVA_RUNTIME_VERSION="21.0.10+-14961533-b1163.108" 
LIBC="default" 
OS_ARCH="x86_64" 
OS_NAME="Windows" 
SOURCE=".:git:1351622c2ff2" 

Environment Variables:
PATH=C:\Program Files\Common Files\Oracle\Java\javapath;C:\Program Files\Microsoft MPI\Bin\;C:\Windows\system32;C:\Windows;C:\Windows\System32\Wbem;C:\Windows\System32\WindowsPowerShell\v1.0\;C:\Windows\System32\OpenSSH\;C:\Program Files\dotnet\;F:\msys64\mingw64\bin;C:\Program Files\Microsoft SQL Server\170\Tools\Binn\;C:\Program Files (x86)\Microsoft SQL Server\170\Tools\Binn\;C:\Program Files\Microsoft SQL Server\Client SDK\ODBC\180\Tools\Binn\;C:\Program Files\Microsoft SQL Server\170\DTS\Binn\;C:\Program Files (x86)\Microsoft SQL Server\160\DTS\Binn\;C:\Program Files\Git\cmd;C:\Users\Administrator\AppData\Local\Programs\Python\Launcher\;C:\Users\Administrator\AppData\Local\Microsoft\WindowsApps;F:\Microsoft VS Code\bin;F:\msys64\ucrt64\bin;F:\Nmap;F:\Antigravity\bin;C:\Users\Administrator\.dotnet\tools;C:\Users\Administrator\AppData\Local\Python\bin
USERNAME=Administrator
OS=Windows_NT
PROCESSOR_IDENTIFIER=Intel64 Family 6 Model 140 Stepping 1, GenuineIntel
TMP=C:\Users\ADMINI~1\AppData\Local\Temp
TEMP=C:\Users\ADMINI~1\AppData\Local\Temp




Periodic native trim disabled

JNI global refs:
JNI global refs: 13, weak refs: 36

JNI global refs memory usage: 835, weak refs: 833

Process memory usage:
Resident Set Size: 515148K (3% of 16499172K total physical memory with 404256K free physical memory)

OOME stack traces (most recent first):
Classloader memory used:
Loader jdk.internal.loader.ClassLoaders$AppClassLoader                                 : 69477K
Loader bootstrap                                                                       : 12125K
Loader jdk.internal.jrtfs.JrtFileSystemProvider$JrtFsLoader                            : 326K
Loader jdk.internal.loader.ClassLoaders$PlatformClassLoader                            : 67880B

Classes loaded by more than one classloader:
Class jdk.internal.jimage.BasicImageReader                                            : loaded 2 times (x 95B)
Class jdk.internal.jimage.decompressor.StringSharingDecompressorFactory               : loaded 2 times (x 74B)
Class jdk.internal.jrtfs.JrtFileSystemProvider                                        : loaded 2 times (x 101B)
Class jdk.internal.jimage.ImageLocation                                               : loaded 2 times (x 90B)
Class jdk.internal.jimage.ImageBufferCache$1                                          : loaded 2 times (x 83B)
Class jdk.internal.jimage.ImageBufferCache$2                                          : loaded 2 times (x 91B)
Class jdk.internal.jimage.ImageHeader                                                 : loaded 2 times (x 71B)
Class jdk.internal.jimage.decompressor.ResourceDecompressor                           : loaded 2 times (x 70B)
Class jdk.internal.jimage.ImageStringsReader                                          : loaded 2 times (x 80B)
Class jdk.internal.jimage.ImageReader                                                 : loaded 2 times (x 75B)
Class jdk.internal.jimage.ImageReader$SharedImageReader                               : loaded 2 times (x 95B)
Class jdk.internal.jimage.decompressor.ResourceDecompressorFactory                    : loaded 2 times (x 74B)
Class jdk.internal.jimage.ImageReader$Node                                            : loaded 2 times (x 84B)
Class jdk.internal.jimage.BasicImageReader$1                                          : loaded 2 times (x 77B)
Class jdk.internal.jimage.decompressor.Decompressor                                   : loaded 2 times (x 72B)
Class jdk.internal.jimage.ImageBufferCache                                            : loaded 2 times (x 71B)
Class jdk.internal.jrtfs.JrtPath                                                      : loaded 2 times (x 118B)
Class jdk.internal.jimage.decompressor.ResourceDecompressorRepository                 : loaded 2 times (x 71B)
Class jdk.internal.jimage.ImageReader$Directory                                       : loaded 2 times (x 84B)
Class jdk.internal.jimage.decompressor.ZipDecompressorFactory                         : loaded 2 times (x 74B)
Class jdk.internal.jimage.decompressor.ZipDecompressor                                : loaded 2 times (x 75B)
Class jdk.internal.jimage.ImageStrings                                                : loaded 2 times (x 70B)
Class jdk.internal.jrtfs.JrtFileSystem                                                : loaded 2 times (x 102B)
Class jdk.internal.jimage.decompressor.CompressedResourceHeader                       : loaded 2 times (x 71B)
Class jdk.internal.jimage.decompressor.ResourceDecompressor$StringsProvider           : loaded 2 times (x 70B)

---------------  S Y S T E M  ---------------

OS:
 Windows 10 , 64 bit Build 19041 (10.0.19041.5915)
OS uptime: 0 days 15:25 hours
Hyper-V role detected

CPU: total 8 (initial active 8) (4 cores per cpu, 2 threads per core) family 6 model 140 stepping 1 microcode 0xbe, cx8, cmov, fxsr, ht, mmx, 3dnowpref, sse, sse2, sse3, ssse3, sse4.1, sse4.2, popcnt, lzcnt, tsc, tscinvbit, avx, avx2, aes, erms, clmul, bmi1, bmi2, adx, avx512f, avx512dq, avx512cd, avx512bw, avx512vl, sha, fma, vzeroupper, avx512_vpopcntdq, avx512_vpclmulqdq, avx512_vaes, avx512_vnni, clflush, clflushopt, clwb, avx512_vbmi2, avx512_vbmi, hv, rdtscp, rdpid, fsrm, gfni, avx512_bitalg, f16c, cet_ibt, cet_ss, avx512_ifma
Processor Information for the first 8 processors :
  Max Mhz: 2803, Current Mhz: 2803, Mhz Limit: 2803

Memory: 4k page, system-wide physical 16112M (390M free)
TotalPageFile size 20208M (AvailPageFile size 5M)
current process WorkingSet (physical memory assigned to process): 503M, peak: 503M
current process commit charge ("private bytes"): 534M, peak: 537M

vm_info: OpenJDK 64-Bit Server VM (21.0.10+-14961533-b1163.108) for windows-amd64 JRE (21.0.10+-14961533-b1163.108), built on 2026-03-02T19:58:50Z by "builder" with MS VC++ 16.10 / 16.11 (VS2019)

END.
